# JRE version: OpenJDK Runtime Environment (8.0_242-b01) (build 1.8.0_242-release-1644-b01)
# Java VM: OpenJDK 64-Bit Server VM (25.242-b01 mixed mode windows-amd64 compressed oops)
Heap:
 PSYoungGen      total 188928K, used 12919K [0x00000000d5580000, 0x00000000e2680000, 0x0000000100000000)
  eden space 173568K, 7% used [0x00000000d5580000,0x00000000d621df88,0x00000000dff00000)
  from space 15360K, 0% used [0x00000000e0880000,0x00000000e0880000,0x00000000e1780000)
  to   space 13312K, 0% used [0x00000000e1980000,0x00000000e1980000,0x00000000e2680000)
 ParOldGen       total 104448K, used 37508K [0x0000000080000000, 0x0000000086600000, 0x00000000d5580000)
  object space 104448K, 35% used [0x0000000080000000,0x00000000824a10e0,0x0000000086600000)
 Metaspace       used 57927K, capacity 59928K, committed 60184K, reserved 1101824K
  class space    used 7919K, capacity 8417K, committed 8496K, reserved 1048576K
GC Heap History (10 events):
Event: 6.049 GC heap before
{Heap before GC invocations=10 (full 1):
 PSYoungGen      total 131072K, used 127247K [0x00000000d5580000, 0x00000000de600000, 0x0000000100000000)
  eden space 122880K, 97% used [0x00000000d5580000,0x00000000dc9ee230,0x00000000dcd80000)
  from space 8192K, 97% used [0x00000000dde00000,0x00000000de5d5a98,0x00000000de600000)
  to   space 11264K, 0% used [0x00000000dd000000,0x00000000dd000000,0x00000000ddb00000)
 ParOldGen       total 47104K, used 6932K [0x0000000080000000, 0x0000000082e00000, 0x00000000d5580000)
  object space 47104K, 14% used [0x0000000080000000,0x00000000806c5058,0x0000000082e00000)
 Metaspace       used 34600K, capacity 35410K, committed 35496K, reserved 1079296K
  class space    used 4746K, capacity 4974K, committed 5040K, reserved 1048576K
Event: 6.077 GC heap after
Heap after GC invocations=10 (full 1):
 PSYoungGen      total 136704K, used 11253K [0x00000000d5580000, 0x00000000e2680000, 0x0000000100000000)
  eden space 125440K, 0% used [0x00000000d5580000,0x00000000d5580000,0x00000000dd000000)
  from space 11264K, 99% used [0x00000000dd000000,0x00000000ddafd5d8,0x00000000ddb00000)
  to   space 13312K, 0% used [0x00000000e1980000,0x00000000e1980000,0x00000000e2680000)
 ParOldGen       total 47104K, used 7991K [0x0000000080000000, 0x0000000082e00000, 0x00000000d5580000)
  object space 47104K, 16% used [0x0000000080000000,0x00000000807cdd90,0x0000000082e00000)
 Metaspace       used 34600K, capacity 35410K, committed 35496K, reserved 1079296K
  class space    used 4746K, capacity 4974K, committed 5040K, reserved 1048576K
}
Event: 6.077 GC heap before
{Heap before GC invocations=11 (full 2):
 PSYoungGen      total 136704K, used 11253K [0x00000000d5580000, 0x00000000e2680000, 0x0000000100000000)
  eden space 125440K, 0% used [0x00000000d5580000,0x00000000d5580000,0x00000000dd000000)
  from space 11264K, 99% used [0x00000000dd000000,0x00000000ddafd5d8,0x00000000ddb00000)
  to   space 13312K, 0% used [0x00000000e1980000,0x00000000e1980000,0x00000000e2680000)
 ParOldGen       total 47104K, used 7991K [0x0000000080000000, 0x0000000082e00000, 0x00000000d5580000)
  object space 47104K, 16% used [0x0000000080000000,0x00000000807cdd90,0x0000000082e00000)
 Metaspace       used 34600K, capacity 35410K, committed 35496K, reserved 1079296K
  class space    used 4746K, capacity 4974K, committed 5040K, reserved 1048576K
Event: 6.220 GC heap after
Heap after GC invocations=11 (full 2):
 PSYoungGen      total 136704K, used 0K [0x00000000d5580000, 0x00000000e2680000, 0x0000000100000000)
  eden space 125440K, 0% used [0x00000000d5580000,0x00000000d5580000,0x00000000dd000000)
  from space 11264K, 0% used [0x00000000dd000000,0x00000000dd000000,0x00000000ddb00000)
  to   space 13312K, 0% used [0x00000000e1980000,0x00000000e1980000,0x00000000e2680000)
 ParOldGen       total 69632K, used 18733K [0x0000000080000000, 0x0000000084400000, 0x00000000d5580000)
  object space 69632K, 26% used [0x0000000080000000,0x000000008124b7d8,0x0000000084400000)
 Metaspace       used 34600K, capacity 35410K, committed 35496K, reserved 1079296K
  class space    used 4746K, capacity 4974K, committed 5040K, reserved 1048576K
}
Event: 8.493 GC heap before
{Heap before GC invocations=12 (full 2):
 PSYoungGen      total 136704K, used 125440K [0x00000000d5580000, 0x00000000e2680000, 0x0000000100000000)
  eden space 125440K, 100% used [0x00000000d5580000,0x00000000dd000000,0x00000000dd000000)
  from space 11264K, 0% used [0x00000000dd000000,0x00000000dd000000,0x00000000ddb00000)
  to   space 13312K, 0% used [0x00000000e1980000,0x00000000e1980000,0x00000000e2680000)
 ParOldGen       total 69632K, used 18733K [0x0000000080000000, 0x0000000084400000, 0x00000000d5580000)
  object space 69632K, 26% used [0x0000000080000000,0x000000008124b7d8,0x0000000084400000)
 Metaspace       used 44974K, capacity 46462K, committed 46632K, reserved 1089536K
  class space    used 6082K, capacity 6421K, committed 6448K, reserved 1048576K
Event: 8.515 GC heap after
Heap after GC invocations=12 (full 2):
 PSYoungGen      total 186880K, used 13293K [0x00000000d5580000, 0x00000000e2680000, 0x0000000100000000)
  eden space 173568K, 0% used [0x00000000d5580000,0x00000000d5580000,0x00000000dff00000)
  from space 13312K, 99% used [0x00000000e1980000,0x00000000e267b678,0x00000000e2680000)
  to   space 15360K, 0% used [0x00000000e0880000,0x00000000e0880000,0x00000000e1780000)
 ParOldGen       total 69632K, used 20173K [0x0000000080000000, 0x0000000084400000, 0x00000000d5580000)
  object space 69632K, 28% used [0x0000000080000000,0x00000000813b3680,0x0000000084400000)
 Metaspace       used 44974K, capacity 46462K, committed 46632K, reserved 1089536K
  class space    used 6082K, capacity 6421K, committed 6448K, reserved 1048576K
}
Event: 10.555 GC heap before
{Heap before GC invocations=13 (full 2):
 PSYoungGen      total 186880K, used 165040K [0x00000000d5580000, 0x00000000e2680000, 0x0000000100000000)
  eden space 173568K, 87% used [0x00000000d5580000,0x00000000de9b0a78,0x00000000dff00000)
  from space 13312K, 99% used [0x00000000e1980000,0x00000000e267b678,0x00000000e2680000)
  to   space 15360K, 0% used [0x00000000e0880000,0x00000000e0880000,0x00000000e1780000)
 ParOldGen       total 69632K, used 20173K [0x0000000080000000, 0x0000000084400000, 0x00000000d5580000)
  object space 69632K, 28% used [0x0000000080000000,0x00000000813b3680,0x0000000084400000)
 Metaspace       used 57126K, capacity 59120K, committed 59160K, reserved 1099776K
  class space    used 7759K, capacity 8229K, committed 8240K, reserved 1048576K
Event: 10.586 GC heap after
Heap after GC invocations=13 (full 2):
 PSYoungGen      total 188928K, used 15348K [0x00000000d5580000, 0x00000000e2680000, 0x0000000100000000)
  eden space 173568K, 0% used [0x00000000d5580000,0x00000000d5580000,0x00000000dff00000)
  from space 15360K, 99% used [0x00000000e0880000,0x00000000e177d298,0x00000000e1780000)
  to   space 13312K, 0% used [0x00000000e1980000,0x00000000e1980000,0x00000000e2680000)
 ParOldGen       total 69632K, used 30094K [0x0000000080000000, 0x0000000084400000, 0x00000000d5580000)
  object space 69632K, 43% used [0x0000000080000000,0x0000000081d638c8,0x0000000084400000)
 Metaspace       used 57126K, capacity 59120K, committed 59160K, reserved 1099776K
  class space    used 7759K, capacity 8229K, committed 8240K, reserved 1048576K
}
Event: 10.586 GC heap before
{Heap before GC invocations=14 (full 3):
 PSYoungGen      total 188928K, used 15348K [0x00000000d5580000, 0x00000000e2680000, 0x0000000100000000)
  eden space 173568K, 0% used [0x00000000d5580000,0x00000000d5580000,0x00000000dff00000)
  from space 15360K, 99% used [0x00000000e0880000,0x00000000e177d298,0x00000000e1780000)
  to   space 13312K, 0% used [0x00000000e1980000,0x00000000e1980000,0x00000000e2680000)
 ParOldGen       total 69632K, used 30094K [0x0000000080000000, 0x0000000084400000, 0x00000000d5580000)
  object space 69632K, 43% used [0x0000000080000000,0x0000000081d638c8,0x0000000084400000)
 Metaspace       used 57126K, capacity 59120K, committed 59160K, reserved 1099776K
  class space    used 7759K, capacity 8229K, committed 8240K, reserved 1048576K
Event: 10.798 GC heap after
Heap after GC invocations=14 (full 3):
 PSYoungGen      total 188928K, used 0K [0x00000000d5580000, 0x00000000e2680000, 0x0000000100000000)
  eden space 173568K, 0% used [0x00000000d5580000,0x00000000d5580000,0x00000000dff00000)
  from space 15360K, 0% used [0x00000000e0880000,0x00000000e0880000,0x00000000e1780000)
  to   space 13312K, 0% used [0x00000000e1980000,0x00000000e1980000,0x00000000e2680000)
 ParOldGen       total 104448K, used 37508K [0x0000000080000000, 0x0000000086600000, 0x00000000d5580000)
  object space 104448K, 35% used [0x0000000080000000,0x00000000824a10e0,0x0000000086600000)
 Metaspace       used 57118K, capacity 59096K, committed 59160K, reserved 1099776K
  class space    used 7757K, capacity 8225K, committed 8240K, reserved 1048576K
}

