# JRE version: OpenJDK Runtime Environment (8.0_242-b01) (build 1.8.0_242-release-1644-b01)
# Java VM: OpenJDK 64-Bit Server VM (25.242-b01 mixed mode windows-amd64 compressed oops)
Heap:
 PSYoungGen      total 214016K, used 23169K [0x00000000d5580000, 0x00000000e3e00000, 0x0000000100000000)
  eden space 198144K, 3% used [0x00000000d5580000,0x00000000d5d1ef80,0x00000000e1700000)
  from space 15872K, 96% used [0x00000000e2e80000,0x00000000e3d81758,0x00000000e3e00000)
  to   space 19456K, 0% used [0x00000000e1800000,0x00000000e1800000,0x00000000e2b00000)
 ParOldGen       total 105984K, used 42437K [0x0000000080000000, 0x0000000086780000, 0x00000000d5580000)
  object space 105984K, 40% used [0x0000000080000000,0x0000000082971798,0x0000000086780000)
 Metaspace       used 72279K, capacity 75394K, committed 75544K, reserved 1114112K
  class space    used 9916K, capacity 10534K, committed 10536K, reserved 1048576K
GC Heap History (10 events):
Event: 32.646 GC heap before
{Heap before GC invocations=15 (full 2):
 PSYoungGen      total 128512K, used 128161K [0x00000000d5580000, 0x00000000dea00000, 0x0000000100000000)
  eden space 118272K, 100% used [0x00000000d5580000,0x00000000dc900000,0x00000000dc900000)
  from space 10240K, 96% used [0x00000000de000000,0x00000000de9a8558,0x00000000dea00000)
  to   space 12800K, 0% used [0x00000000dd100000,0x00000000dd100000,0x00000000ddd80000)
 ParOldGen       total 70656K, used 15345K [0x0000000080000000, 0x0000000084500000, 0x00000000d5580000)
  object space 70656K, 21% used [0x0000000080000000,0x0000000080efc5c8,0x0000000084500000)
 Metaspace       used 51377K, capacity 53124K, committed 53416K, reserved 1095680K
  class space    used 6836K, capacity 7227K, committed 7336K, reserved 1048576K
Event: 32.688 GC heap after
Heap after GC invocations=15 (full 2):
 PSYoungGen      total 139264K, used 12774K [0x00000000d5580000, 0x00000000e1000000, 0x0000000100000000)
  eden space 126464K, 0% used [0x00000000d5580000,0x00000000d5580000,0x00000000dd100000)
  from space 12800K, 99% used [0x00000000dd100000,0x00000000ddd79820,0x00000000ddd80000)
  to   space 16896K, 0% used [0x00000000dff80000,0x00000000dff80000,0x00000000e1000000)
 ParOldGen       total 70656K, used 21390K [0x0000000080000000, 0x0000000084500000, 0x00000000d5580000)
  object space 70656K, 30% used [0x0000000080000000,0x00000000814e3b78,0x0000000084500000)
 Metaspace       used 51377K, capacity 53124K, committed 53416K, reserved 1095680K
  class space    used 6836K, capacity 7227K, committed 7336K, reserved 1048576K
}
Event: 35.377 GC heap before
{Heap before GC invocations=16 (full 2):
 PSYoungGen      total 139264K, used 82105K [0x00000000d5580000, 0x00000000e1000000, 0x0000000100000000)
  eden space 126464K, 54% used [0x00000000d5580000,0x00000000d9934da0,0x00000000dd100000)
  from space 12800K, 99% used [0x00000000dd100000,0x00000000ddd79820,0x00000000ddd80000)
  to   space 16896K, 0% used [0x00000000dff80000,0x00000000dff80000,0x00000000e1000000)
 ParOldGen       total 70656K, used 21390K [0x0000000080000000, 0x0000000084500000, 0x00000000d5580000)
  object space 70656K, 30% used [0x0000000080000000,0x00000000814e3b78,0x0000000084500000)
 Metaspace       used 57052K, capacity 59104K, committed 59160K, reserved 1099776K
  class space    used 7737K, capacity 8209K, committed 8232K, reserved 1048576K
Event: 35.419 GC heap after
Heap after GC invocations=16 (full 2):
 PSYoungGen      total 174592K, used 8366K [0x00000000d5580000, 0x00000000e1800000, 0x0000000100000000)
  eden space 157696K, 0% used [0x00000000d5580000,0x00000000d5580000,0x00000000def80000)
  from space 16896K, 49% used [0x00000000dff80000,0x00000000e07abb78,0x00000000e1000000)
  to   space 16384K, 0% used [0x00000000def80000,0x00000000def80000,0x00000000dff80000)
 ParOldGen       total 70656K, used 29238K [0x0000000080000000, 0x0000000084500000, 0x00000000d5580000)
  object space 70656K, 41% used [0x0000000080000000,0x0000000081c8d858,0x0000000084500000)
 Metaspace       used 57052K, capacity 59104K, committed 59160K, reserved 1099776K
  class space    used 7737K, capacity 8209K, committed 8232K, reserved 1048576K
}
Event: 35.419 GC heap before
{Heap before GC invocations=17 (full 3):
 PSYoungGen      total 174592K, used 8366K [0x00000000d5580000, 0x00000000e1800000, 0x0000000100000000)
  eden space 157696K, 0% used [0x00000000d5580000,0x00000000d5580000,0x00000000def80000)
  from space 16896K, 49% used [0x00000000dff80000,0x00000000e07abb78,0x00000000e1000000)
  to   space 16384K, 0% used [0x00000000def80000,0x00000000def80000,0x00000000dff80000)
 ParOldGen       total 70656K, used 29238K [0x0000000080000000, 0x0000000084500000, 0x00000000d5580000)
  object space 70656K, 41% used [0x0000000080000000,0x0000000081c8d858,0x0000000084500000)
 Metaspace       used 57052K, capacity 59104K, committed 59160K, reserved 1099776K
  class space    used 7737K, capacity 8209K, committed 8232K, reserved 1048576K
Event: 35.798 GC heap after
Heap after GC invocations=17 (full 3):
 PSYoungGen      total 174592K, used 0K [0x00000000d5580000, 0x00000000e1800000, 0x0000000100000000)
  eden space 157696K, 0% used [0x00000000d5580000,0x00000000d5580000,0x00000000def80000)
  from space 16896K, 0% used [0x00000000dff80000,0x00000000dff80000,0x00000000e1000000)
  to   space 16384K, 0% used [0x00000000def80000,0x00000000def80000,0x00000000dff80000)
 ParOldGen       total 105984K, used 33132K [0x0000000080000000, 0x0000000086780000, 0x00000000d5580000)
  object space 105984K, 31% used [0x0000000080000000,0x000000008205b398,0x0000000086780000)
 Metaspace       used 57038K, capacity 59056K, committed 59160K, reserved 1099776K
  class space    used 7732K, capacity 8201K, committed 8232K, reserved 1048576K
}
Event: 40.522 GC heap before
{Heap before GC invocations=18 (full 3):
 PSYoungGen      total 174592K, used 157637K [0x00000000d5580000, 0x00000000e1800000, 0x0000000100000000)
  eden space 157696K, 99% used [0x00000000d5580000,0x00000000def716d8,0x00000000def80000)
  from space 16896K, 0% used [0x00000000dff80000,0x00000000dff80000,0x00000000e1000000)
  to   space 16384K, 0% used [0x00000000def80000,0x00000000def80000,0x00000000dff80000)
 ParOldGen       total 105984K, used 33132K [0x0000000080000000, 0x0000000086780000, 0x00000000d5580000)
  object space 105984K, 31% used [0x0000000080000000,0x000000008205b398,0x0000000086780000)
 Metaspace       used 63583K, capacity 66222K, committed 66328K, reserved 1105920K
  class space    used 8697K, capacity 9256K, committed 9256K, reserved 1048576K
Event: 40.597 GC heap after
Heap after GC invocations=18 (full 3):
 PSYoungGen      total 174080K, used 14261K [0x00000000d5580000, 0x00000000e4000000, 0x0000000100000000)
  eden space 157696K, 0% used [0x00000000d5580000,0x00000000d5580000,0x00000000def80000)
  from space 16384K, 87% used [0x00000000def80000,0x00000000dfd6d5a0,0x00000000dff80000)
  to   space 17920K, 0% used [0x00000000e2e80000,0x00000000e2e80000,0x00000000e4000000)
 ParOldGen       total 105984K, used 33140K [0x0000000080000000, 0x0000000086780000, 0x00000000d5580000)
  object space 105984K, 31% used [0x0000000080000000,0x000000008205d398,0x0000000086780000)
 Metaspace       used 63583K, capacity 66222K, committed 66328K, reserved 1105920K
  class space    used 8697K, capacity 9256K, committed 9256K, reserved 1048576K
}
Event: 63.765 GC heap before
{Heap before GC invocations=19 (full 3):
 PSYoungGen      total 174080K, used 171957K [0x00000000d5580000, 0x00000000e4000000, 0x0000000100000000)
  eden space 157696K, 100% used [0x00000000d5580000,0x00000000def80000,0x00000000def80000)
  from space 16384K, 87% used [0x00000000def80000,0x00000000dfd6d5a0,0x00000000dff80000)
  to   space 17920K, 0% used [0x00000000e2e80000,0x00000000e2e80000,0x00000000e4000000)
 ParOldGen       total 105984K, used 33140K [0x0000000080000000, 0x0000000086780000, 0x00000000d5580000)
  object space 105984K, 31% used [0x0000000080000000,0x000000008205d398,0x0000000086780000)
 Metaspace       used 72001K, capacity 75086K, committed 75288K, reserved 1114112K
  class space    used 9876K, capacity 10494K, committed 10536K, reserved 1048576K
Event: 63.823 GC heap after
Heap after GC invocations=19 (full 3):
 PSYoungGen      total 214016K, used 15365K [0x00000000d5580000, 0x00000000e3e00000, 0x0000000100000000)
  eden space 198144K, 0% used [0x00000000d5580000,0x00000000d5580000,0x00000000e1700000)
  from space 15872K, 96% used [0x00000000e2e80000,0x00000000e3d81758,0x00000000e3e00000)
  to   space 19456K, 0% used [0x00000000e1800000,0x00000000e1800000,0x00000000e2b00000)
 ParOldGen       total 105984K, used 42437K [0x0000000080000000, 0x0000000086780000, 0x00000000d5580000)
  object space 105984K, 40% used [0x0000000080000000,0x0000000082971798,0x0000000086780000)
 Metaspace       used 72001K, capacity 75086K, committed 75288K, reserved 1114112K
  class space    used 9876K, capacity 10494K, committed 10536K, reserved 1048576K
}

