# JRE version: OpenJDK Runtime Environment (8.0_242-b01) (build 1.8.0_242-release-1644-b01)
# Java VM: OpenJDK 64-Bit Server VM (25.242-b01 mixed mode windows-amd64 compressed oops)
Heap:
 PSYoungGen      total 189440K, used 9729K [0x00000000d5580000, 0x00000000e5b80000, 0x0000000100000000)
  eden space 174080K, 5% used [0x00000000d5580000,0x00000000d5f00760,0x00000000dff80000)
  from space 15360K, 0% used [0x00000000dff80000,0x00000000dff80000,0x00000000e0e80000)
  to   space 20992K, 0% used [0x00000000e4700000,0x00000000e4700000,0x00000000e5b80000)
 ParOldGen       total 110080K, used 37599K [0x0000000080000000, 0x0000000086b80000, 0x00000000d5580000)
  object space 110080K, 34% used [0x0000000080000000,0x00000000824b7c40,0x0000000086b80000)
 Metaspace       used 57769K, capacity 59800K, committed 60056K, reserved 1101824K
  class space    used 7877K, capacity 8353K, committed 8368K, reserved 1048576K
GC Heap History (10 events):
Event: 5.942 GC heap before
{Heap before GC invocations=10 (full 1):
 PSYoungGen      total 127488K, used 127275K [0x00000000d5580000, 0x00000000de600000, 0x0000000100000000)
  eden space 119296K, 99% used [0x00000000d5580000,0x00000000dc9ea930,0x00000000dca00000)
  from space 8192K, 98% used [0x00000000dde00000,0x00000000de5e0530,0x00000000de600000)
  to   space 11264K, 0% used [0x00000000dd000000,0x00000000dd000000,0x00000000ddb00000)
 ParOldGen       total 48128K, used 7060K [0x0000000080000000, 0x0000000082f00000, 0x00000000d5580000)
  object space 48128K, 14% used [0x0000000080000000,0x00000000806e53d0,0x0000000082f00000)
 Metaspace       used 34549K, capacity 35442K, committed 35496K, reserved 1079296K
  class space    used 4742K, capacity 5006K, committed 5040K, reserved 1048576K
Event: 5.968 GC heap after
Heap after GC invocations=10 (full 1):
 PSYoungGen      total 136704K, used 11232K [0x00000000d5580000, 0x00000000e1d80000, 0x0000000100000000)
  eden space 125440K, 0% used [0x00000000d5580000,0x00000000d5580000,0x00000000dd000000)
  from space 11264K, 99% used [0x00000000dd000000,0x00000000ddaf8008,0x00000000ddb00000)
  to   space 13312K, 0% used [0x00000000e1080000,0x00000000e1080000,0x00000000e1d80000)
 ParOldGen       total 48128K, used 7952K [0x0000000080000000, 0x0000000082f00000, 0x00000000d5580000)
  object space 48128K, 16% used [0x0000000080000000,0x00000000807c40d8,0x0000000082f00000)
 Metaspace       used 34549K, capacity 35442K, committed 35496K, reserved 1079296K
  class space    used 4742K, capacity 5006K, committed 5040K, reserved 1048576K
}
Event: 5.968 GC heap before
{Heap before GC invocations=11 (full 2):
 PSYoungGen      total 136704K, used 11232K [0x00000000d5580000, 0x00000000e1d80000, 0x0000000100000000)
  eden space 125440K, 0% used [0x00000000d5580000,0x00000000d5580000,0x00000000dd000000)
  from space 11264K, 99% used [0x00000000dd000000,0x00000000ddaf8008,0x00000000ddb00000)
  to   space 13312K, 0% used [0x00000000e1080000,0x00000000e1080000,0x00000000e1d80000)
 ParOldGen       total 48128K, used 7952K [0x0000000080000000, 0x0000000082f00000, 0x00000000d5580000)
  object space 48128K, 16% used [0x0000000080000000,0x00000000807c40d8,0x0000000082f00000)
 Metaspace       used 34549K, capacity 35442K, committed 35496K, reserved 1079296K
  class space    used 4742K, capacity 5006K, committed 5040K, reserved 1048576K
Event: 6.076 GC heap after
Heap after GC invocations=11 (full 2):
 PSYoungGen      total 136704K, used 0K [0x00000000d5580000, 0x00000000e1d80000, 0x0000000100000000)
  eden space 125440K, 0% used [0x00000000d5580000,0x00000000d5580000,0x00000000dd000000)
  from space 11264K, 0% used [0x00000000dd000000,0x00000000dd000000,0x00000000ddb00000)
  to   space 13312K, 0% used [0x00000000e1080000,0x00000000e1080000,0x00000000e1d80000)
 ParOldGen       total 72704K, used 18601K [0x0000000080000000, 0x0000000084700000, 0x00000000d5580000)
  object space 72704K, 25% used [0x0000000080000000,0x000000008122a708,0x0000000084700000)
 Metaspace       used 34549K, capacity 35442K, committed 35496K, reserved 1079296K
  class space    used 4742K, capacity 5006K, committed 5040K, reserved 1048576K
}
Event: 8.304 GC heap before
{Heap before GC invocations=12 (full 2):
 PSYoungGen      total 136704K, used 125440K [0x00000000d5580000, 0x00000000e1d80000, 0x0000000100000000)
  eden space 125440K, 100% used [0x00000000d5580000,0x00000000dd000000,0x00000000dd000000)
  from space 11264K, 0% used [0x00000000dd000000,0x00000000dd000000,0x00000000ddb00000)
  to   space 13312K, 0% used [0x00000000e1080000,0x00000000e1080000,0x00000000e1d80000)
 ParOldGen       total 72704K, used 18601K [0x0000000080000000, 0x0000000084700000, 0x00000000d5580000)
  object space 72704K, 25% used [0x0000000080000000,0x000000008122a708,0x0000000084700000)
 Metaspace       used 44860K, capacity 46304K, committed 46376K, reserved 1089536K
  class space    used 6062K, capacity 6416K, committed 6448K, reserved 1048576K
Event: 8.327 GC heap after
Heap after GC invocations=12 (full 2):
 PSYoungGen      total 183296K, used 13301K [0x00000000d5580000, 0x00000000e1d80000, 0x0000000100000000)
  eden space 169984K, 0% used [0x00000000d5580000,0x00000000d5580000,0x00000000dfb80000)
  from space 13312K, 99% used [0x00000000e1080000,0x00000000e1d7d780,0x00000000e1d80000)
  to   space 15360K, 0% used [0x00000000dff80000,0x00000000dff80000,0x00000000e0e80000)
 ParOldGen       total 72704K, used 19847K [0x0000000080000000, 0x0000000084700000, 0x00000000d5580000)
  object space 72704K, 27% used [0x0000000080000000,0x0000000081361f18,0x0000000084700000)
 Metaspace       used 44860K, capacity 46304K, committed 46376K, reserved 1089536K
  class space    used 6062K, capacity 6416K, committed 6448K, reserved 1048576K
}
Event: 10.523 GC heap before
{Heap before GC invocations=13 (full 2):
 PSYoungGen      total 183296K, used 166734K [0x00000000d5580000, 0x00000000e1d80000, 0x0000000100000000)
  eden space 169984K, 90% used [0x00000000d5580000,0x00000000deb560c0,0x00000000dfb80000)
  from space 13312K, 99% used [0x00000000e1080000,0x00000000e1d7d780,0x00000000e1d80000)
  to   space 15360K, 0% used [0x00000000dff80000,0x00000000dff80000,0x00000000e0e80000)
 ParOldGen       total 72704K, used 19847K [0x0000000080000000, 0x0000000084700000, 0x00000000d5580000)
  object space 72704K, 27% used [0x0000000080000000,0x0000000081361f18,0x0000000084700000)
 Metaspace       used 57134K, capacity 59096K, committed 59160K, reserved 1099776K
  class space    used 7757K, capacity 8225K, committed 8240K, reserved 1048576K
Event: 10.560 GC heap after
Heap after GC invocations=13 (full 2):
 PSYoungGen      total 189440K, used 15337K [0x00000000d5580000, 0x00000000e5b80000, 0x0000000100000000)
  eden space 174080K, 0% used [0x00000000d5580000,0x00000000d5580000,0x00000000dff80000)
  from space 15360K, 99% used [0x00000000dff80000,0x00000000e0e7a408,0x00000000e0e80000)
  to   space 20992K, 0% used [0x00000000e4700000,0x00000000e4700000,0x00000000e5b80000)
 ParOldGen       total 72704K, used 29934K [0x0000000080000000, 0x0000000084700000, 0x00000000d5580000)
  object space 72704K, 41% used [0x0000000080000000,0x0000000081d3bac0,0x0000000084700000)
 Metaspace       used 57134K, capacity 59096K, committed 59160K, reserved 1099776K
  class space    used 7757K, capacity 8225K, committed 8240K, reserved 1048576K
}
Event: 10.560 GC heap before
{Heap before GC invocations=14 (full 3):
 PSYoungGen      total 189440K, used 15337K [0x00000000d5580000, 0x00000000e5b80000, 0x0000000100000000)
  eden space 174080K, 0% used [0x00000000d5580000,0x00000000d5580000,0x00000000dff80000)
  from space 15360K, 99% used [0x00000000dff80000,0x00000000e0e7a408,0x00000000e0e80000)
  to   space 20992K, 0% used [0x00000000e4700000,0x00000000e4700000,0x00000000e5b80000)
 ParOldGen       total 72704K, used 29934K [0x0000000080000000, 0x0000000084700000, 0x00000000d5580000)
  object space 72704K, 41% used [0x0000000080000000,0x0000000081d3bac0,0x0000000084700000)
 Metaspace       used 57134K, capacity 59096K, committed 59160K, reserved 1099776K
  class space    used 7757K, capacity 8225K, committed 8240K, reserved 1048576K
Event: 10.783 GC heap after
Heap after GC invocations=14 (full 3):
 PSYoungGen      total 189440K, used 0K [0x00000000d5580000, 0x00000000e5b80000, 0x0000000100000000)
  eden space 174080K, 0% used [0x00000000d5580000,0x00000000d5580000,0x00000000dff80000)
  from space 15360K, 0% used [0x00000000dff80000,0x00000000dff80000,0x00000000e0e80000)
  to   space 20992K, 0% used [0x00000000e4700000,0x00000000e4700000,0x00000000e5b80000)
 ParOldGen       total 110080K, used 37599K [0x0000000080000000, 0x0000000086b80000, 0x00000000d5580000)
  object space 110080K, 34% used [0x0000000080000000,0x00000000824b7c40,0x0000000086b80000)
 Metaspace       used 57134K, capacity 59096K, committed 59160K, reserved 1099776K
  class space    used 7757K, capacity 8225K, committed 8240K, reserved 1048576K
}

