# JRE version: OpenJDK Runtime Environment (8.0_242-b01) (build 1.8.0_242-release-1644-b01)
# Java VM: OpenJDK 64-Bit Server VM (25.242-b01 mixed mode windows-amd64 compressed oops)
Heap:
 PSYoungGen      total 196608K, used 20080K [0x00000000d5580000, 0x00000000e6e00000, 0x0000000100000000)
  eden space 181248K, 11% used [0x00000000d5580000,0x00000000d691c318,0x00000000e0680000)
  from space 15360K, 0% used [0x00000000e0680000,0x00000000e0680000,0x00000000e1580000)
  to   space 20992K, 0% used [0x00000000e5980000,0x00000000e5980000,0x00000000e6e00000)
 ParOldGen       total 101888K, used 37612K [0x0000000080000000, 0x0000000086380000, 0x00000000d5580000)
  object space 101888K, 36% used [0x0000000080000000,0x00000000824bb3e8,0x0000000086380000)
 Metaspace       used 58378K, capacity 60428K, committed 60696K, reserved 1101824K
  class space    used 8003K, capacity 8489K, committed 8496K, reserved 1048576K
GC Heap History (10 events):
Event: 6.142 GC heap before
{Heap before GC invocations=10 (full 1):
 PSYoungGen      total 130048K, used 128076K [0x00000000d5580000, 0x00000000de600000, 0x0000000100000000)
  eden space 121856K, 98% used [0x00000000d5580000,0x00000000dcac19c8,0x00000000dcc80000)
  from space 8192K, 97% used [0x00000000dde00000,0x00000000de5d1988,0x00000000de600000)
  to   space 11264K, 0% used [0x00000000dd000000,0x00000000dd000000,0x00000000ddb00000)
 ParOldGen       total 47104K, used 6949K [0x0000000080000000, 0x0000000082e00000, 0x00000000d5580000)
  object space 47104K, 14% used [0x0000000080000000,0x00000000806c9610,0x0000000082e00000)
 Metaspace       used 34523K, capacity 35410K, committed 35496K, reserved 1079296K
  class space    used 4733K, capacity 4974K, committed 5040K, reserved 1048576K
Event: 6.160 GC heap after
Heap after GC invocations=10 (full 1):
 PSYoungGen      total 136704K, used 11243K [0x00000000d5580000, 0x00000000e2480000, 0x0000000100000000)
  eden space 125440K, 0% used [0x00000000d5580000,0x00000000d5580000,0x00000000dd000000)
  from space 11264K, 99% used [0x00000000dd000000,0x00000000ddafaeb0,0x00000000ddb00000)
  to   space 13312K, 0% used [0x00000000e1780000,0x00000000e1780000,0x00000000e2480000)
 ParOldGen       total 47104K, used 7986K [0x0000000080000000, 0x0000000082e00000, 0x00000000d5580000)
  object space 47104K, 16% used [0x0000000080000000,0x00000000807cca28,0x0000000082e00000)
 Metaspace       used 34523K, capacity 35410K, committed 35496K, reserved 1079296K
  class space    used 4733K, capacity 4974K, committed 5040K, reserved 1048576K
}
Event: 6.161 GC heap before
{Heap before GC invocations=11 (full 2):
 PSYoungGen      total 136704K, used 11243K [0x00000000d5580000, 0x00000000e2480000, 0x0000000100000000)
  eden space 125440K, 0% used [0x00000000d5580000,0x00000000d5580000,0x00000000dd000000)
  from space 11264K, 99% used [0x00000000dd000000,0x00000000ddafaeb0,0x00000000ddb00000)
  to   space 13312K, 0% used [0x00000000e1780000,0x00000000e1780000,0x00000000e2480000)
 ParOldGen       total 47104K, used 7986K [0x0000000080000000, 0x0000000082e00000, 0x00000000d5580000)
  object space 47104K, 16% used [0x0000000080000000,0x00000000807cca28,0x0000000082e00000)
 Metaspace       used 34523K, capacity 35410K, committed 35496K, reserved 1079296K
  class space    used 4733K, capacity 4974K, committed 5040K, reserved 1048576K
Event: 6.258 GC heap after
Heap after GC invocations=11 (full 2):
 PSYoungGen      total 136704K, used 0K [0x00000000d5580000, 0x00000000e2480000, 0x0000000100000000)
  eden space 125440K, 0% used [0x00000000d5580000,0x00000000d5580000,0x00000000dd000000)
  from space 11264K, 0% used [0x00000000dd000000,0x00000000dd000000,0x00000000ddb00000)
  to   space 13312K, 0% used [0x00000000e1780000,0x00000000e1780000,0x00000000e2480000)
 ParOldGen       total 68096K, used 18656K [0x0000000080000000, 0x0000000084280000, 0x00000000d5580000)
  object space 68096K, 27% used [0x0000000080000000,0x00000000812383a8,0x0000000084280000)
 Metaspace       used 34523K, capacity 35410K, committed 35496K, reserved 1079296K
  class space    used 4733K, capacity 4974K, committed 5040K, reserved 1048576K
}
Event: 8.518 GC heap before
{Heap before GC invocations=12 (full 2):
 PSYoungGen      total 136704K, used 125440K [0x00000000d5580000, 0x00000000e2480000, 0x0000000100000000)
  eden space 125440K, 100% used [0x00000000d5580000,0x00000000dd000000,0x00000000dd000000)
  from space 11264K, 0% used [0x00000000dd000000,0x00000000dd000000,0x00000000ddb00000)
  to   space 13312K, 0% used [0x00000000e1780000,0x00000000e1780000,0x00000000e2480000)
 ParOldGen       total 68096K, used 18656K [0x0000000080000000, 0x0000000084280000, 0x00000000d5580000)
  object space 68096K, 27% used [0x0000000080000000,0x00000000812383a8,0x0000000084280000)
 Metaspace       used 44828K, capacity 46398K, committed 46640K, reserved 1089536K
  class space    used 6062K, capacity 6421K, committed 6448K, reserved 1048576K
Event: 8.554 GC heap after
Heap after GC invocations=12 (full 2):
 PSYoungGen      total 190464K, used 13295K [0x00000000d5580000, 0x00000000e2480000, 0x0000000100000000)
  eden space 177152K, 0% used [0x00000000d5580000,0x00000000d5580000,0x00000000e0280000)
  from space 13312K, 99% used [0x00000000e1780000,0x00000000e247bea8,0x00000000e2480000)
  to   space 15360K, 0% used [0x00000000e0680000,0x00000000e0680000,0x00000000e1580000)
 ParOldGen       total 68096K, used 19943K [0x0000000080000000, 0x0000000084280000, 0x00000000d5580000)
  object space 68096K, 29% used [0x0000000080000000,0x0000000081379e38,0x0000000084280000)
 Metaspace       used 44828K, capacity 46398K, committed 46640K, reserved 1089536K
  class space    used 6062K, capacity 6421K, committed 6448K, reserved 1048576K
}
Event: 10.915 GC heap before
{Heap before GC invocations=13 (full 2):
 PSYoungGen      total 190464K, used 166273K [0x00000000d5580000, 0x00000000e2480000, 0x0000000100000000)
  eden space 177152K, 86% used [0x00000000d5580000,0x00000000deae46c8,0x00000000e0280000)
  from space 13312K, 99% used [0x00000000e1780000,0x00000000e247bea8,0x00000000e2480000)
  to   space 15360K, 0% used [0x00000000e0680000,0x00000000e0680000,0x00000000e1580000)
 ParOldGen       total 68096K, used 19943K [0x0000000080000000, 0x0000000084280000, 0x00000000d5580000)
  object space 68096K, 29% used [0x0000000080000000,0x0000000081379e38,0x0000000084280000)
 Metaspace       used 57134K, capacity 59130K, committed 59160K, reserved 1099776K
  class space    used 7759K, capacity 8230K, committed 8240K, reserved 1048576K
Event: 10.951 GC heap after
Heap after GC invocations=13 (full 2):
 PSYoungGen      total 196608K, used 15342K [0x00000000d5580000, 0x00000000e6e00000, 0x0000000100000000)
  eden space 181248K, 0% used [0x00000000d5580000,0x00000000d5580000,0x00000000e0680000)
  from space 15360K, 99% used [0x00000000e0680000,0x00000000e157ba70,0x00000000e1580000)
  to   space 20992K, 0% used [0x00000000e5980000,0x00000000e5980000,0x00000000e6e00000)
 ParOldGen       total 68096K, used 30147K [0x0000000080000000, 0x0000000084280000, 0x00000000d5580000)
  object space 68096K, 44% used [0x0000000080000000,0x0000000081d70cd8,0x0000000084280000)
 Metaspace       used 57134K, capacity 59130K, committed 59160K, reserved 1099776K
  class space    used 7759K, capacity 8230K, committed 8240K, reserved 1048576K
}
Event: 10.951 GC heap before
{Heap before GC invocations=14 (full 3):
 PSYoungGen      total 196608K, used 15342K [0x00000000d5580000, 0x00000000e6e00000, 0x0000000100000000)
  eden space 181248K, 0% used [0x00000000d5580000,0x00000000d5580000,0x00000000e0680000)
  from space 15360K, 99% used [0x00000000e0680000,0x00000000e157ba70,0x00000000e1580000)
  to   space 20992K, 0% used [0x00000000e5980000,0x00000000e5980000,0x00000000e6e00000)
 ParOldGen       total 68096K, used 30147K [0x0000000080000000, 0x0000000084280000, 0x00000000d5580000)
  object space 68096K, 44% used [0x0000000080000000,0x0000000081d70cd8,0x0000000084280000)
 Metaspace       used 57134K, capacity 59130K, committed 59160K, reserved 1099776K
  class space    used 7759K, capacity 8230K, committed 8240K, reserved 1048576K
Event: 11.185 GC heap after
Heap after GC invocations=14 (full 3):
 PSYoungGen      total 196608K, used 0K [0x00000000d5580000, 0x00000000e6e00000, 0x0000000100000000)
  eden space 181248K, 0% used [0x00000000d5580000,0x00000000d5580000,0x00000000e0680000)
  from space 15360K, 0% used [0x00000000e0680000,0x00000000e0680000,0x00000000e1580000)
  to   space 20992K, 0% used [0x00000000e5980000,0x00000000e5980000,0x00000000e6e00000)
 ParOldGen       total 101888K, used 37612K [0x0000000080000000, 0x0000000086380000, 0x00000000d5580000)
  object space 101888K, 36% used [0x0000000080000000,0x00000000824bb3e8,0x0000000086380000)
 Metaspace       used 57125K, capacity 59100K, committed 59160K, reserved 1099776K
  class space    used 7756K, capacity 8225K, committed 8240K, reserved 1048576K
}

